c:\users\tom\source\repos\madsimvs2019\maddevice2\x64\debug\vc142.pdb
c:\users\tom\source\repos\madsimvs2019\maddevice2\x64\debug\maddevice.obj
c:\users\tom\source\repos\madsimvs2019\maddevice2\x64\debug\madpower.obj
c:\users\tom\source\repos\madsimvs2019\maddevice2\x64\debug\maddevwmi.obj
c:\users\tom\source\repos\madsimvs2019\maddevice2\x64\debug\maddeviofunxns.obj
c:\users\tom\source\repos\madsimvs2019\maddevice2\x64\debug\madutilfunxns.obj
c:\users\tom\source\repos\madsimvs2019\maddevice2\x64\debug\madregfunxns.obj
c:\users\tom\source\repos\madsimvs2019\x64\debug\maddevice2.sys
c:\users\tom\source\repos\madsimvs2019\x64\debug\maddevice2.pdb
c:\users\tom\source\repos\madsimvs2019\maddevice2\x64\debug\maddevice.h
c:\users\tom\source\repos\madsimvs2019\maddevice2\x64\debug\maddevice.rc
c:\users\tom\source\repos\madsimvs2019\maddevice2\x64\debug\maddevice_msg00001.bin
c:\users\tom\source\repos\madsimvs2019\x64\debug\maddevice2\maddevice.cat
c:\users\tom\source\repos\madsimvs2019\maddevice2\x64\debug\maddevice.inf
c:\users\tom\source\repos\madsimvs2019\maddevice2\x64\debug\maddevice.tmh
c:\users\tom\source\repos\madsimvs2019\x64\debug\maddevice2.cer
c:\users\tom\source\repos\madsimvs2019\maddevice2\x64\debug\maddevice2.tlog\cl.command.1.tlog
c:\users\tom\source\repos\madsimvs2019\maddevice2\x64\debug\maddevice2.tlog\cl.read.1.tlog
c:\users\tom\source\repos\madsimvs2019\maddevice2\x64\debug\maddevice2.tlog\cl.write.1.tlog
c:\users\tom\source\repos\madsimvs2019\maddevice2\x64\debug\maddevice2.tlog\inf2cat-expand.10164.read.1.tlog
c:\users\tom\source\repos\madsimvs2019\maddevice2\x64\debug\maddevice2.tlog\inf2cat-expand.10164.write.1.tlog
c:\users\tom\source\repos\madsimvs2019\maddevice2\x64\debug\maddevice2.tlog\inf2cat-expand.19292.read.1.tlog
c:\users\tom\source\repos\madsimvs2019\maddevice2\x64\debug\maddevice2.tlog\inf2cat-expand.19292.write.1.tlog
c:\users\tom\source\repos\madsimvs2019\maddevice2\x64\debug\maddevice2.tlog\inf2cat-expand.21324.read.1.tlog
c:\users\tom\source\repos\madsimvs2019\maddevice2\x64\debug\maddevice2.tlog\inf2cat-expand.21324.write.1.tlog
c:\users\tom\source\repos\madsimvs2019\maddevice2\x64\debug\maddevice2.tlog\inf2cat-expand.read.1.tlog
c:\users\tom\source\repos\madsimvs2019\maddevice2\x64\debug\maddevice2.tlog\inf2cat-expand.write.1.tlog
c:\users\tom\source\repos\madsimvs2019\maddevice2\x64\debug\maddevice2.tlog\inf2cat.command.1.tlog
c:\users\tom\source\repos\madsimvs2019\maddevice2\x64\debug\maddevice2.tlog\link.command.1.tlog
c:\users\tom\source\repos\madsimvs2019\maddevice2\x64\debug\maddevice2.tlog\link.read.1.tlog
c:\users\tom\source\repos\madsimvs2019\maddevice2\x64\debug\maddevice2.tlog\link.write.1.tlog
c:\users\tom\source\repos\madsimvs2019\maddevice2\x64\debug\maddevice2.tlog\mc.command.1.tlog
c:\users\tom\source\repos\madsimvs2019\maddevice2\x64\debug\maddevice2.tlog\mc.read.1.tlog
c:\users\tom\source\repos\madsimvs2019\maddevice2\x64\debug\maddevice2.tlog\mc.write.1.tlog
c:\users\tom\source\repos\madsimvs2019\maddevice2\x64\debug\maddevice2.tlog\rc.command.1.tlog
c:\users\tom\source\repos\madsimvs2019\maddevice2\x64\debug\maddevice2.tlog\rc.read.1.tlog
c:\users\tom\source\repos\madsimvs2019\maddevice2\x64\debug\maddevice2.tlog\rc.write.1.tlog
c:\users\tom\source\repos\madsimvs2019\maddevice2\x64\debug\maddevice2.tlog\signtool.command.1.tlog
c:\users\tom\source\repos\madsimvs2019\maddevice2\x64\debug\maddevice2.tlog\signtool.read.1.tlog
c:\users\tom\source\repos\madsimvs2019\maddevice2\x64\debug\maddevice2.tlog\signtool.timestamp.1.tlog
c:\users\tom\source\repos\madsimvs2019\maddevice2\x64\debug\maddevice2.tlog\signtool.write.1.tlog
c:\users\tom\source\repos\madsimvs2019\maddevice2\x64\debug\maddevice2.tlog\stampinf.command.1.tlog
c:\users\tom\source\repos\madsimvs2019\maddevice2\x64\debug\maddevice2.tlog\stampinf.read.1.tlog
c:\users\tom\source\repos\madsimvs2019\maddevice2\x64\debug\maddevice2.tlog\stampinf.write.1.tlog
c:\users\tom\source\repos\madsimvs2019\maddevice2\x64\debug\maddevice2.tlog\tracewpp.command.1.tlog
c:\users\tom\source\repos\madsimvs2019\maddevice2\x64\debug\maddevice2.tlog\tracewpp.read.1.tlog
c:\users\tom\source\repos\madsimvs2019\maddevice2\x64\debug\maddevice2.tlog\tracewpp.write.1.tlog
