c:\users\tom\source\repos\madsimvs2019\maddevice\x64\debug\vc142.pdb
c:\users\tom\source\repos\madsimvs2019\maddevice\x64\debug\maddevwmi.obj
c:\users\tom\source\repos\madsimvs2019\maddevice\x64\debug\madregfunxns.obj
c:\users\tom\source\repos\madsimvs2019\maddevice\x64\debug\madpower.obj
c:\users\tom\source\repos\madsimvs2019\maddevice\x64\debug\maddevice.obj
c:\users\tom\source\repos\madsimvs2019\maddevice\x64\debug\maddeviofunxns.obj
c:\users\tom\source\repos\madsimvs2019\maddevice\x64\debug\madutilfunxns.obj
c:\users\tom\source\repos\madsimvs2019\x64\debug\maddevice\maddevice.cat
c:\users\tom\source\repos\madsimvs2019\x64\debug\maddevice.sys
c:\users\tom\source\repos\madsimvs2019\x64\debug\maddevice.pdb
c:\users\tom\source\repos\madsimvs2019\maddevice\x64\debug\maddevice.h
c:\users\tom\source\repos\madsimvs2019\maddevice\x64\debug\maddevice.rc
c:\users\tom\source\repos\madsimvs2019\maddevice\x64\debug\maddevice_msg00001.bin
c:\users\tom\source\repos\madsimvs2019\maddevice\x64\debug\maddevice.inf
c:\users\tom\source\repos\madsimvs2019\x64\debug\maddevice.cer
c:\users\tom\source\repos\madsimvs2019\x64\debug\maddevice.inf
c:\users\tom\source\repos\madsimvs2019\maddevice\x64\debug\maddevice.tlog\cl.command.1.tlog
c:\users\tom\source\repos\madsimvs2019\maddevice\x64\debug\maddevice.tlog\cl.read.1.tlog
c:\users\tom\source\repos\madsimvs2019\maddevice\x64\debug\maddevice.tlog\cl.write.1.tlog
c:\users\tom\source\repos\madsimvs2019\maddevice\x64\debug\maddevice.tlog\inf2cat-expand.12208.read.1.tlog
c:\users\tom\source\repos\madsimvs2019\maddevice\x64\debug\maddevice.tlog\inf2cat-expand.12208.write.1.tlog
c:\users\tom\source\repos\madsimvs2019\maddevice\x64\debug\maddevice.tlog\inf2cat-expand.13172.read.1.tlog
c:\users\tom\source\repos\madsimvs2019\maddevice\x64\debug\maddevice.tlog\inf2cat-expand.13172.write.1.tlog
c:\users\tom\source\repos\madsimvs2019\maddevice\x64\debug\maddevice.tlog\inf2cat-expand.15852.read.1.tlog
c:\users\tom\source\repos\madsimvs2019\maddevice\x64\debug\maddevice.tlog\inf2cat-expand.15852.write.1.tlog
c:\users\tom\source\repos\madsimvs2019\maddevice\x64\debug\maddevice.tlog\inf2cat-expand.16604.read.1.tlog
c:\users\tom\source\repos\madsimvs2019\maddevice\x64\debug\maddevice.tlog\inf2cat-expand.16604.write.1.tlog
c:\users\tom\source\repos\madsimvs2019\maddevice\x64\debug\maddevice.tlog\inf2cat-expand.16736.read.1.tlog
c:\users\tom\source\repos\madsimvs2019\maddevice\x64\debug\maddevice.tlog\inf2cat-expand.16736.write.1.tlog
c:\users\tom\source\repos\madsimvs2019\maddevice\x64\debug\maddevice.tlog\inf2cat-expand.17092.read.1.tlog
c:\users\tom\source\repos\madsimvs2019\maddevice\x64\debug\maddevice.tlog\inf2cat-expand.17092.write.1.tlog
c:\users\tom\source\repos\madsimvs2019\maddevice\x64\debug\maddevice.tlog\inf2cat-expand.17848.read.1.tlog
c:\users\tom\source\repos\madsimvs2019\maddevice\x64\debug\maddevice.tlog\inf2cat-expand.17848.write.1.tlog
c:\users\tom\source\repos\madsimvs2019\maddevice\x64\debug\maddevice.tlog\inf2cat-expand.18048.read.1.tlog
c:\users\tom\source\repos\madsimvs2019\maddevice\x64\debug\maddevice.tlog\inf2cat-expand.18048.write.1.tlog
c:\users\tom\source\repos\madsimvs2019\maddevice\x64\debug\maddevice.tlog\inf2cat-expand.20000.read.1.tlog
c:\users\tom\source\repos\madsimvs2019\maddevice\x64\debug\maddevice.tlog\inf2cat-expand.20000.write.1.tlog
c:\users\tom\source\repos\madsimvs2019\maddevice\x64\debug\maddevice.tlog\inf2cat-expand.22548.read.1.tlog
c:\users\tom\source\repos\madsimvs2019\maddevice\x64\debug\maddevice.tlog\inf2cat-expand.22548.write.1.tlog
c:\users\tom\source\repos\madsimvs2019\maddevice\x64\debug\maddevice.tlog\inf2cat-expand.23468.read.1.tlog
c:\users\tom\source\repos\madsimvs2019\maddevice\x64\debug\maddevice.tlog\inf2cat-expand.23468.write.1.tlog
c:\users\tom\source\repos\madsimvs2019\maddevice\x64\debug\maddevice.tlog\inf2cat-expand.23908.read.1.tlog
c:\users\tom\source\repos\madsimvs2019\maddevice\x64\debug\maddevice.tlog\inf2cat-expand.23908.write.1.tlog
c:\users\tom\source\repos\madsimvs2019\maddevice\x64\debug\maddevice.tlog\inf2cat-expand.24100.read.1.tlog
c:\users\tom\source\repos\madsimvs2019\maddevice\x64\debug\maddevice.tlog\inf2cat-expand.24100.write.1.tlog
c:\users\tom\source\repos\madsimvs2019\maddevice\x64\debug\maddevice.tlog\inf2cat-expand.24500.read.1.tlog
c:\users\tom\source\repos\madsimvs2019\maddevice\x64\debug\maddevice.tlog\inf2cat-expand.24500.write.1.tlog
c:\users\tom\source\repos\madsimvs2019\maddevice\x64\debug\maddevice.tlog\inf2cat-expand.24856.read.1.tlog
c:\users\tom\source\repos\madsimvs2019\maddevice\x64\debug\maddevice.tlog\inf2cat-expand.24856.write.1.tlog
c:\users\tom\source\repos\madsimvs2019\maddevice\x64\debug\maddevice.tlog\inf2cat-expand.2660.read.1.tlog
c:\users\tom\source\repos\madsimvs2019\maddevice\x64\debug\maddevice.tlog\inf2cat-expand.2660.write.1.tlog
c:\users\tom\source\repos\madsimvs2019\maddevice\x64\debug\maddevice.tlog\inf2cat-expand.4676.read.1.tlog
c:\users\tom\source\repos\madsimvs2019\maddevice\x64\debug\maddevice.tlog\inf2cat-expand.4676.write.1.tlog
c:\users\tom\source\repos\madsimvs2019\maddevice\x64\debug\maddevice.tlog\inf2cat-expand.4700.read.1.tlog
c:\users\tom\source\repos\madsimvs2019\maddevice\x64\debug\maddevice.tlog\inf2cat-expand.4700.write.1.tlog
c:\users\tom\source\repos\madsimvs2019\maddevice\x64\debug\maddevice.tlog\inf2cat-expand.6612.read.1.tlog
c:\users\tom\source\repos\madsimvs2019\maddevice\x64\debug\maddevice.tlog\inf2cat-expand.6612.write.1.tlog
c:\users\tom\source\repos\madsimvs2019\maddevice\x64\debug\maddevice.tlog\inf2cat-expand.7964.read.1.tlog
c:\users\tom\source\repos\madsimvs2019\maddevice\x64\debug\maddevice.tlog\inf2cat-expand.7964.write.1.tlog
c:\users\tom\source\repos\madsimvs2019\maddevice\x64\debug\maddevice.tlog\inf2cat-expand.8600.read.1.tlog
c:\users\tom\source\repos\madsimvs2019\maddevice\x64\debug\maddevice.tlog\inf2cat-expand.8600.write.1.tlog
c:\users\tom\source\repos\madsimvs2019\maddevice\x64\debug\maddevice.tlog\inf2cat-expand.read.1.tlog
c:\users\tom\source\repos\madsimvs2019\maddevice\x64\debug\maddevice.tlog\inf2cat-expand.write.1.tlog
c:\users\tom\source\repos\madsimvs2019\maddevice\x64\debug\maddevice.tlog\inf2cat.command.1.tlog
c:\users\tom\source\repos\madsimvs2019\maddevice\x64\debug\maddevice.tlog\inf2cat.read.1.tlog
c:\users\tom\source\repos\madsimvs2019\maddevice\x64\debug\maddevice.tlog\inf2cat.read.8.tlog
c:\users\tom\source\repos\madsimvs2019\maddevice\x64\debug\maddevice.tlog\inf2cat.write.1.tlog
c:\users\tom\source\repos\madsimvs2019\maddevice\x64\debug\maddevice.tlog\link.command.1.tlog
c:\users\tom\source\repos\madsimvs2019\maddevice\x64\debug\maddevice.tlog\link.read.1.tlog
c:\users\tom\source\repos\madsimvs2019\maddevice\x64\debug\maddevice.tlog\link.write.1.tlog
c:\users\tom\source\repos\madsimvs2019\maddevice\x64\debug\maddevice.tlog\mc.command.1.tlog
c:\users\tom\source\repos\madsimvs2019\maddevice\x64\debug\maddevice.tlog\mc.read.1.tlog
c:\users\tom\source\repos\madsimvs2019\maddevice\x64\debug\maddevice.tlog\mc.write.1.tlog
c:\users\tom\source\repos\madsimvs2019\maddevice\x64\debug\maddevice.tlog\signtool.command.1.tlog
c:\users\tom\source\repos\madsimvs2019\maddevice\x64\debug\maddevice.tlog\signtool.read.1.tlog
c:\users\tom\source\repos\madsimvs2019\maddevice\x64\debug\maddevice.tlog\signtool.timestamp.1.tlog
c:\users\tom\source\repos\madsimvs2019\maddevice\x64\debug\maddevice.tlog\signtool.write.1.tlog
c:\users\tom\source\repos\madsimvs2019\maddevice\x64\debug\maddevice.tlog\stampinf.command.1.tlog
c:\users\tom\source\repos\madsimvs2019\maddevice\x64\debug\maddevice.tlog\stampinf.read.1.tlog
c:\users\tom\source\repos\madsimvs2019\maddevice\x64\debug\maddevice.tlog\stampinf.write.1.tlog
