c:\users\tom\source\repos\madsimvs2019\madbus\x64\debug\vc142.pdb
c:\users\tom\source\repos\madsimvs2019\madbus\x64\debug\madbuspdo.obj
c:\users\tom\source\repos\madsimvs2019\madbus\x64\debug\madbus.obj
c:\users\tom\source\repos\madsimvs2019\madbus\x64\debug\madregfunxns.obj
c:\users\tom\source\repos\madsimvs2019\madbus\x64\debug\madsimiofunxns.obj
c:\users\tom\source\repos\madsimvs2019\madbus\x64\debug\madbuswmi.obj
c:\users\tom\source\repos\madsimvs2019\madbus\x64\debug\madbuspdointthread.obj
c:\users\tom\source\repos\madsimvs2019\madbus\x64\debug\madutilfunxns.obj
c:\users\tom\source\repos\madsimvs2019\x64\debug\madbus\madbus.cat
c:\users\tom\source\repos\madsimvs2019\x64\debug\madbus.sys
c:\users\tom\source\repos\madsimvs2019\x64\debug\madbus.pdb
c:\users\tom\source\repos\madsimvs2019\madbus\x64\debug\madbus.h
c:\users\tom\source\repos\madsimvs2019\madbus\x64\debug\madbus.rc
c:\users\tom\source\repos\madsimvs2019\madbus\x64\debug\madbus_msg00001.bin
c:\users\tom\source\repos\madsimvs2019\madbus\x64\debug\madbus.res
c:\users\tom\source\repos\madsimvs2019\madbus\x64\debug\madbus.inf
c:\users\tom\source\repos\madsimvs2019\x64\debug\madbus.cer
c:\users\tom\source\repos\madsimvs2019\x64\debug\madbus.inf
c:\users\tom\source\repos\madsimvs2019\madbus\x64\debug\madbus.tlog\cl.command.1.tlog
c:\users\tom\source\repos\madsimvs2019\madbus\x64\debug\madbus.log
c:\users\tom\source\repos\madsimvs2019\madbus\x64\debug\madbus.tlog\cl.read.1.tlog
c:\users\tom\source\repos\madsimvs2019\madbus\x64\debug\madbus.tlog\cl.write.1.tlog
c:\users\tom\source\repos\madsimvs2019\madbus\x64\debug\madbus.tlog\inf2cat-expand.10020.read.1.tlog
c:\users\tom\source\repos\madsimvs2019\madbus\x64\debug\madbus.tlog\inf2cat-expand.10020.write.1.tlog
c:\users\tom\source\repos\madsimvs2019\madbus\x64\debug\madbus.tlog\inf2cat-expand.11188.read.1.tlog
c:\users\tom\source\repos\madsimvs2019\madbus\x64\debug\madbus.tlog\inf2cat-expand.11188.write.1.tlog
c:\users\tom\source\repos\madsimvs2019\madbus\x64\debug\madbus.tlog\inf2cat-expand.11652.read.1.tlog
c:\users\tom\source\repos\madsimvs2019\madbus\x64\debug\madbus.tlog\inf2cat-expand.11652.write.1.tlog
c:\users\tom\source\repos\madsimvs2019\madbus\x64\debug\madbus.tlog\inf2cat-expand.12672.read.1.tlog
c:\users\tom\source\repos\madsimvs2019\madbus\x64\debug\madbus.tlog\inf2cat-expand.12672.write.1.tlog
c:\users\tom\source\repos\madsimvs2019\madbus\x64\debug\madbus.tlog\inf2cat-expand.13304.read.1.tlog
c:\users\tom\source\repos\madsimvs2019\madbus\x64\debug\madbus.tlog\inf2cat-expand.13304.write.1.tlog
c:\users\tom\source\repos\madsimvs2019\madbus\x64\debug\madbus.tlog\inf2cat-expand.14064.read.1.tlog
c:\users\tom\source\repos\madsimvs2019\madbus\x64\debug\madbus.tlog\inf2cat-expand.14064.write.1.tlog
c:\users\tom\source\repos\madsimvs2019\madbus\x64\debug\madbus.tlog\inf2cat-expand.14316.read.1.tlog
c:\users\tom\source\repos\madsimvs2019\madbus\x64\debug\madbus.tlog\inf2cat-expand.14316.write.1.tlog
c:\users\tom\source\repos\madsimvs2019\madbus\x64\debug\madbus.tlog\inf2cat-expand.14320.read.1.tlog
c:\users\tom\source\repos\madsimvs2019\madbus\x64\debug\madbus.tlog\inf2cat-expand.14320.write.1.tlog
c:\users\tom\source\repos\madsimvs2019\madbus\x64\debug\madbus.tlog\inf2cat-expand.15284.read.1.tlog
c:\users\tom\source\repos\madsimvs2019\madbus\x64\debug\madbus.tlog\inf2cat-expand.15284.write.1.tlog
c:\users\tom\source\repos\madsimvs2019\madbus\x64\debug\madbus.tlog\inf2cat-expand.15504.read.1.tlog
c:\users\tom\source\repos\madsimvs2019\madbus\x64\debug\madbus.tlog\inf2cat-expand.15504.write.1.tlog
c:\users\tom\source\repos\madsimvs2019\madbus\x64\debug\madbus.tlog\inf2cat-expand.16356.read.1.tlog
c:\users\tom\source\repos\madsimvs2019\madbus\x64\debug\madbus.tlog\inf2cat-expand.16356.write.1.tlog
c:\users\tom\source\repos\madsimvs2019\madbus\x64\debug\madbus.tlog\inf2cat-expand.16948.read.1.tlog
c:\users\tom\source\repos\madsimvs2019\madbus\x64\debug\madbus.tlog\inf2cat-expand.16948.write.1.tlog
c:\users\tom\source\repos\madsimvs2019\madbus\x64\debug\madbus.tlog\inf2cat-expand.16960.read.1.tlog
c:\users\tom\source\repos\madsimvs2019\madbus\x64\debug\madbus.tlog\inf2cat-expand.16960.write.1.tlog
c:\users\tom\source\repos\madsimvs2019\madbus\x64\debug\madbus.tlog\inf2cat-expand.17488.read.1.tlog
c:\users\tom\source\repos\madsimvs2019\madbus\x64\debug\madbus.tlog\inf2cat-expand.17488.write.1.tlog
c:\users\tom\source\repos\madsimvs2019\madbus\x64\debug\madbus.tlog\inf2cat-expand.18128.read.1.tlog
c:\users\tom\source\repos\madsimvs2019\madbus\x64\debug\madbus.tlog\inf2cat-expand.18128.write.1.tlog
c:\users\tom\source\repos\madsimvs2019\madbus\x64\debug\madbus.tlog\inf2cat-expand.18252.read.1.tlog
c:\users\tom\source\repos\madsimvs2019\madbus\x64\debug\madbus.tlog\inf2cat-expand.18252.write.1.tlog
c:\users\tom\source\repos\madsimvs2019\madbus\x64\debug\madbus.tlog\inf2cat-expand.18952.read.1.tlog
c:\users\tom\source\repos\madsimvs2019\madbus\x64\debug\madbus.tlog\inf2cat-expand.18952.write.1.tlog
c:\users\tom\source\repos\madsimvs2019\madbus\x64\debug\madbus.tlog\inf2cat-expand.22172.read.1.tlog
c:\users\tom\source\repos\madsimvs2019\madbus\x64\debug\madbus.tlog\inf2cat-expand.22172.write.1.tlog
c:\users\tom\source\repos\madsimvs2019\madbus\x64\debug\madbus.tlog\inf2cat-expand.2412.read.1.tlog
c:\users\tom\source\repos\madsimvs2019\madbus\x64\debug\madbus.tlog\inf2cat-expand.2412.write.1.tlog
c:\users\tom\source\repos\madsimvs2019\madbus\x64\debug\madbus.tlog\inf2cat-expand.2440.read.1.tlog
c:\users\tom\source\repos\madsimvs2019\madbus\x64\debug\madbus.tlog\inf2cat-expand.2440.write.1.tlog
c:\users\tom\source\repos\madsimvs2019\madbus\x64\debug\madbus.tlog\inf2cat-expand.26544.read.1.tlog
c:\users\tom\source\repos\madsimvs2019\madbus\x64\debug\madbus.tlog\inf2cat-expand.26544.write.1.tlog
c:\users\tom\source\repos\madsimvs2019\madbus\x64\debug\madbus.tlog\inf2cat-expand.26640.read.1.tlog
c:\users\tom\source\repos\madsimvs2019\madbus\x64\debug\madbus.tlog\inf2cat-expand.26640.write.1.tlog
c:\users\tom\source\repos\madsimvs2019\madbus\x64\debug\madbus.tlog\inf2cat-expand.27076.read.1.tlog
c:\users\tom\source\repos\madsimvs2019\madbus\x64\debug\madbus.tlog\inf2cat-expand.27076.write.1.tlog
c:\users\tom\source\repos\madsimvs2019\madbus\x64\debug\madbus.tlog\inf2cat-expand.4728.read.1.tlog
c:\users\tom\source\repos\madsimvs2019\madbus\x64\debug\madbus.tlog\inf2cat-expand.4728.write.1.tlog
c:\users\tom\source\repos\madsimvs2019\madbus\x64\debug\madbus.tlog\inf2cat-expand.4832.read.1.tlog
c:\users\tom\source\repos\madsimvs2019\madbus\x64\debug\madbus.tlog\inf2cat-expand.4832.write.1.tlog
c:\users\tom\source\repos\madsimvs2019\madbus\x64\debug\madbus.tlog\inf2cat-expand.7392.read.1.tlog
c:\users\tom\source\repos\madsimvs2019\madbus\x64\debug\madbus.tlog\inf2cat-expand.7392.write.1.tlog
c:\users\tom\source\repos\madsimvs2019\madbus\x64\debug\madbus.tlog\inf2cat-expand.7824.read.1.tlog
c:\users\tom\source\repos\madsimvs2019\madbus\x64\debug\madbus.tlog\inf2cat-expand.7824.write.1.tlog
c:\users\tom\source\repos\madsimvs2019\madbus\x64\debug\madbus.tlog\inf2cat-expand.read.1.tlog
c:\users\tom\source\repos\madsimvs2019\madbus\x64\debug\madbus.tlog\inf2cat-expand.write.1.tlog
c:\users\tom\source\repos\madsimvs2019\madbus\x64\debug\madbus.tlog\inf2cat.command.1.tlog
c:\users\tom\source\repos\madsimvs2019\madbus\x64\debug\madbus.tlog\inf2cat.read.1.tlog
c:\users\tom\source\repos\madsimvs2019\madbus\x64\debug\madbus.tlog\inf2cat.read.8.tlog
c:\users\tom\source\repos\madsimvs2019\madbus\x64\debug\madbus.tlog\inf2cat.write.1.tlog
c:\users\tom\source\repos\madsimvs2019\madbus\x64\debug\madbus.tlog\inf2cat.write.8.tlog
c:\users\tom\source\repos\madsimvs2019\madbus\x64\debug\madbus.tlog\link.command.1.tlog
c:\users\tom\source\repos\madsimvs2019\madbus\x64\debug\madbus.tlog\link.read.1.tlog
c:\users\tom\source\repos\madsimvs2019\madbus\x64\debug\madbus.tlog\link.write.1.tlog
c:\users\tom\source\repos\madsimvs2019\madbus\x64\debug\madbus.tlog\mc.command.1.tlog
c:\users\tom\source\repos\madsimvs2019\madbus\x64\debug\madbus.tlog\mc.read.1.tlog
c:\users\tom\source\repos\madsimvs2019\madbus\x64\debug\madbus.tlog\mc.write.1.tlog
c:\users\tom\source\repos\madsimvs2019\madbus\x64\debug\madbus.tlog\rc.command.1.tlog
c:\users\tom\source\repos\madsimvs2019\madbus\x64\debug\madbus.tlog\rc.read.1.tlog
c:\users\tom\source\repos\madsimvs2019\madbus\x64\debug\madbus.tlog\rc.write.1.tlog
c:\users\tom\source\repos\madsimvs2019\madbus\x64\debug\madbus.tlog\signtool.command.1.tlog
c:\users\tom\source\repos\madsimvs2019\madbus\x64\debug\madbus.tlog\signtool.read.1.tlog
c:\users\tom\source\repos\madsimvs2019\madbus\x64\debug\madbus.tlog\signtool.timestamp.1.tlog
c:\users\tom\source\repos\madsimvs2019\madbus\x64\debug\madbus.tlog\signtool.write.1.tlog
c:\users\tom\source\repos\madsimvs2019\madbus\x64\debug\madbus.tlog\stampinf.command.1.tlog
c:\users\tom\source\repos\madsimvs2019\madbus\x64\debug\madbus.tlog\stampinf.read.1.tlog
c:\users\tom\source\repos\madsimvs2019\madbus\x64\debug\madbus.tlog\stampinf.write.1.tlog
