c:\users\tom\source\repos\madsimvs2019\maddiskmp\x64\debug\vc142.pdb
c:\users\tom\source\repos\madsimvs2019\maddiskmp\x64\debug\maddiskvmp.obj
c:\users\tom\source\repos\madsimvs2019\maddiskmp\x64\debug\maddiskmp.obj
c:\users\tom\source\repos\madsimvs2019\x64\debug\maddiskmp\maddiskmp.cat
c:\users\tom\source\repos\madsimvs2019\x64\debug\maddiskmp.sys
c:\users\tom\source\repos\madsimvs2019\x64\debug\maddiskmp.pdb
c:\users\tom\source\repos\madsimvs2019\maddiskmp\x64\debug\maddiskmp.inf
c:\users\tom\source\repos\madsimvs2019\x64\debug\maddiskmp.cer
c:\users\tom\source\repos\madsimvs2019\x64\debug\maddiskmp.inf
c:\users\tom\source\repos\madsimvs2019\maddiskmp\x64\debug\maddiskmp.tlog\cl.command.1.tlog
c:\users\tom\source\repos\madsimvs2019\maddiskmp\x64\debug\maddiskmp.tlog\cl.read.1.tlog
c:\users\tom\source\repos\madsimvs2019\maddiskmp\x64\debug\maddiskmp.tlog\cl.write.1.tlog
c:\users\tom\source\repos\madsimvs2019\maddiskmp\x64\debug\maddiskmp.tlog\inf2cat-expand.10068.read.1.tlog
c:\users\tom\source\repos\madsimvs2019\maddiskmp\x64\debug\maddiskmp.tlog\inf2cat-expand.10068.write.1.tlog
c:\users\tom\source\repos\madsimvs2019\maddiskmp\x64\debug\maddiskmp.tlog\inf2cat-expand.10296.read.1.tlog
c:\users\tom\source\repos\madsimvs2019\maddiskmp\x64\debug\maddiskmp.tlog\inf2cat-expand.10296.write.1.tlog
c:\users\tom\source\repos\madsimvs2019\maddiskmp\x64\debug\maddiskmp.tlog\inf2cat-expand.10604.read.1.tlog
c:\users\tom\source\repos\madsimvs2019\maddiskmp\x64\debug\maddiskmp.tlog\inf2cat-expand.10604.write.1.tlog
c:\users\tom\source\repos\madsimvs2019\maddiskmp\x64\debug\maddiskmp.tlog\inf2cat-expand.10628.read.1.tlog
c:\users\tom\source\repos\madsimvs2019\maddiskmp\x64\debug\maddiskmp.tlog\inf2cat-expand.10628.write.1.tlog
c:\users\tom\source\repos\madsimvs2019\maddiskmp\x64\debug\maddiskmp.tlog\inf2cat-expand.10712.read.1.tlog
c:\users\tom\source\repos\madsimvs2019\maddiskmp\x64\debug\maddiskmp.tlog\inf2cat-expand.10712.write.1.tlog
c:\users\tom\source\repos\madsimvs2019\maddiskmp\x64\debug\maddiskmp.tlog\inf2cat-expand.10748.read.1.tlog
c:\users\tom\source\repos\madsimvs2019\maddiskmp\x64\debug\maddiskmp.tlog\inf2cat-expand.10748.write.1.tlog
c:\users\tom\source\repos\madsimvs2019\maddiskmp\x64\debug\maddiskmp.tlog\inf2cat-expand.10792.read.1.tlog
c:\users\tom\source\repos\madsimvs2019\maddiskmp\x64\debug\maddiskmp.tlog\inf2cat-expand.10792.write.1.tlog
c:\users\tom\source\repos\madsimvs2019\maddiskmp\x64\debug\maddiskmp.tlog\inf2cat-expand.11016.read.1.tlog
c:\users\tom\source\repos\madsimvs2019\maddiskmp\x64\debug\maddiskmp.tlog\inf2cat-expand.11016.write.1.tlog
c:\users\tom\source\repos\madsimvs2019\maddiskmp\x64\debug\maddiskmp.tlog\inf2cat-expand.11628.read.1.tlog
c:\users\tom\source\repos\madsimvs2019\maddiskmp\x64\debug\maddiskmp.tlog\inf2cat-expand.11628.write.1.tlog
c:\users\tom\source\repos\madsimvs2019\maddiskmp\x64\debug\maddiskmp.tlog\inf2cat-expand.11912.read.1.tlog
c:\users\tom\source\repos\madsimvs2019\maddiskmp\x64\debug\maddiskmp.tlog\inf2cat-expand.11912.write.1.tlog
c:\users\tom\source\repos\madsimvs2019\maddiskmp\x64\debug\maddiskmp.tlog\inf2cat-expand.13116.read.1.tlog
c:\users\tom\source\repos\madsimvs2019\maddiskmp\x64\debug\maddiskmp.tlog\inf2cat-expand.13116.write.1.tlog
c:\users\tom\source\repos\madsimvs2019\maddiskmp\x64\debug\maddiskmp.tlog\inf2cat-expand.13224.read.1.tlog
c:\users\tom\source\repos\madsimvs2019\maddiskmp\x64\debug\maddiskmp.tlog\inf2cat-expand.13224.write.1.tlog
c:\users\tom\source\repos\madsimvs2019\maddiskmp\x64\debug\maddiskmp.tlog\inf2cat-expand.13388.read.1.tlog
c:\users\tom\source\repos\madsimvs2019\maddiskmp\x64\debug\maddiskmp.tlog\inf2cat-expand.13388.write.1.tlog
c:\users\tom\source\repos\madsimvs2019\maddiskmp\x64\debug\maddiskmp.tlog\inf2cat-expand.13484.read.1.tlog
c:\users\tom\source\repos\madsimvs2019\maddiskmp\x64\debug\maddiskmp.tlog\inf2cat-expand.13484.write.1.tlog
c:\users\tom\source\repos\madsimvs2019\maddiskmp\x64\debug\maddiskmp.tlog\inf2cat-expand.13704.read.1.tlog
c:\users\tom\source\repos\madsimvs2019\maddiskmp\x64\debug\maddiskmp.tlog\inf2cat-expand.13704.write.1.tlog
c:\users\tom\source\repos\madsimvs2019\maddiskmp\x64\debug\maddiskmp.tlog\inf2cat-expand.13708.read.1.tlog
c:\users\tom\source\repos\madsimvs2019\maddiskmp\x64\debug\maddiskmp.tlog\inf2cat-expand.13708.write.1.tlog
c:\users\tom\source\repos\madsimvs2019\maddiskmp\x64\debug\maddiskmp.tlog\inf2cat-expand.13768.read.1.tlog
c:\users\tom\source\repos\madsimvs2019\maddiskmp\x64\debug\maddiskmp.tlog\inf2cat-expand.13768.write.1.tlog
c:\users\tom\source\repos\madsimvs2019\maddiskmp\x64\debug\maddiskmp.tlog\inf2cat-expand.13928.read.1.tlog
c:\users\tom\source\repos\madsimvs2019\maddiskmp\x64\debug\maddiskmp.tlog\inf2cat-expand.13928.write.1.tlog
c:\users\tom\source\repos\madsimvs2019\maddiskmp\x64\debug\maddiskmp.tlog\inf2cat-expand.14016.read.1.tlog
c:\users\tom\source\repos\madsimvs2019\maddiskmp\x64\debug\maddiskmp.tlog\inf2cat-expand.14016.write.1.tlog
c:\users\tom\source\repos\madsimvs2019\maddiskmp\x64\debug\maddiskmp.tlog\inf2cat-expand.14444.read.1.tlog
c:\users\tom\source\repos\madsimvs2019\maddiskmp\x64\debug\maddiskmp.tlog\inf2cat-expand.14444.write.1.tlog
c:\users\tom\source\repos\madsimvs2019\maddiskmp\x64\debug\maddiskmp.tlog\inf2cat-expand.14644.read.1.tlog
c:\users\tom\source\repos\madsimvs2019\maddiskmp\x64\debug\maddiskmp.tlog\inf2cat-expand.14644.write.1.tlog
c:\users\tom\source\repos\madsimvs2019\maddiskmp\x64\debug\maddiskmp.tlog\inf2cat-expand.14652.read.1.tlog
c:\users\tom\source\repos\madsimvs2019\maddiskmp\x64\debug\maddiskmp.tlog\inf2cat-expand.14652.write.1.tlog
c:\users\tom\source\repos\madsimvs2019\maddiskmp\x64\debug\maddiskmp.tlog\inf2cat-expand.14688.read.1.tlog
c:\users\tom\source\repos\madsimvs2019\maddiskmp\x64\debug\maddiskmp.tlog\inf2cat-expand.14688.write.1.tlog
c:\users\tom\source\repos\madsimvs2019\maddiskmp\x64\debug\maddiskmp.tlog\inf2cat-expand.15144.read.1.tlog
c:\users\tom\source\repos\madsimvs2019\maddiskmp\x64\debug\maddiskmp.tlog\inf2cat-expand.15144.write.1.tlog
c:\users\tom\source\repos\madsimvs2019\maddiskmp\x64\debug\maddiskmp.tlog\inf2cat-expand.15496.read.1.tlog
c:\users\tom\source\repos\madsimvs2019\maddiskmp\x64\debug\maddiskmp.tlog\inf2cat-expand.15496.write.1.tlog
c:\users\tom\source\repos\madsimvs2019\maddiskmp\x64\debug\maddiskmp.tlog\inf2cat-expand.15508.read.1.tlog
c:\users\tom\source\repos\madsimvs2019\maddiskmp\x64\debug\maddiskmp.tlog\inf2cat-expand.15508.write.1.tlog
c:\users\tom\source\repos\madsimvs2019\maddiskmp\x64\debug\maddiskmp.tlog\inf2cat-expand.15556.read.1.tlog
c:\users\tom\source\repos\madsimvs2019\maddiskmp\x64\debug\maddiskmp.tlog\inf2cat-expand.15556.write.1.tlog
c:\users\tom\source\repos\madsimvs2019\maddiskmp\x64\debug\maddiskmp.tlog\inf2cat-expand.15748.read.1.tlog
c:\users\tom\source\repos\madsimvs2019\maddiskmp\x64\debug\maddiskmp.tlog\inf2cat-expand.15748.write.1.tlog
c:\users\tom\source\repos\madsimvs2019\maddiskmp\x64\debug\maddiskmp.tlog\inf2cat-expand.16216.read.1.tlog
c:\users\tom\source\repos\madsimvs2019\maddiskmp\x64\debug\maddiskmp.tlog\inf2cat-expand.16216.write.1.tlog
c:\users\tom\source\repos\madsimvs2019\maddiskmp\x64\debug\maddiskmp.tlog\inf2cat-expand.16456.read.1.tlog
c:\users\tom\source\repos\madsimvs2019\maddiskmp\x64\debug\maddiskmp.tlog\inf2cat-expand.16456.write.1.tlog
c:\users\tom\source\repos\madsimvs2019\maddiskmp\x64\debug\maddiskmp.tlog\inf2cat-expand.16608.read.1.tlog
c:\users\tom\source\repos\madsimvs2019\maddiskmp\x64\debug\maddiskmp.tlog\inf2cat-expand.16608.write.1.tlog
c:\users\tom\source\repos\madsimvs2019\maddiskmp\x64\debug\maddiskmp.tlog\inf2cat-expand.16740.read.1.tlog
c:\users\tom\source\repos\madsimvs2019\maddiskmp\x64\debug\maddiskmp.tlog\inf2cat-expand.16740.write.1.tlog
c:\users\tom\source\repos\madsimvs2019\maddiskmp\x64\debug\maddiskmp.tlog\inf2cat-expand.16812.read.1.tlog
c:\users\tom\source\repos\madsimvs2019\maddiskmp\x64\debug\maddiskmp.tlog\inf2cat-expand.16812.write.1.tlog
c:\users\tom\source\repos\madsimvs2019\maddiskmp\x64\debug\maddiskmp.tlog\inf2cat-expand.16976.read.1.tlog
c:\users\tom\source\repos\madsimvs2019\maddiskmp\x64\debug\maddiskmp.tlog\inf2cat-expand.16976.write.1.tlog
c:\users\tom\source\repos\madsimvs2019\maddiskmp\x64\debug\maddiskmp.tlog\inf2cat-expand.17132.read.1.tlog
c:\users\tom\source\repos\madsimvs2019\maddiskmp\x64\debug\maddiskmp.tlog\inf2cat-expand.17132.write.1.tlog
c:\users\tom\source\repos\madsimvs2019\maddiskmp\x64\debug\maddiskmp.tlog\inf2cat-expand.17524.read.1.tlog
c:\users\tom\source\repos\madsimvs2019\maddiskmp\x64\debug\maddiskmp.tlog\inf2cat-expand.17524.write.1.tlog
c:\users\tom\source\repos\madsimvs2019\maddiskmp\x64\debug\maddiskmp.tlog\inf2cat-expand.17860.read.1.tlog
c:\users\tom\source\repos\madsimvs2019\maddiskmp\x64\debug\maddiskmp.tlog\inf2cat-expand.17860.write.1.tlog
c:\users\tom\source\repos\madsimvs2019\maddiskmp\x64\debug\maddiskmp.tlog\inf2cat-expand.17916.read.1.tlog
c:\users\tom\source\repos\madsimvs2019\maddiskmp\x64\debug\maddiskmp.tlog\inf2cat-expand.17916.write.1.tlog
c:\users\tom\source\repos\madsimvs2019\maddiskmp\x64\debug\maddiskmp.tlog\inf2cat-expand.18608.read.1.tlog
c:\users\tom\source\repos\madsimvs2019\maddiskmp\x64\debug\maddiskmp.tlog\inf2cat-expand.18608.write.1.tlog
c:\users\tom\source\repos\madsimvs2019\maddiskmp\x64\debug\maddiskmp.tlog\inf2cat-expand.18796.read.1.tlog
c:\users\tom\source\repos\madsimvs2019\maddiskmp\x64\debug\maddiskmp.tlog\inf2cat-expand.18796.write.1.tlog
c:\users\tom\source\repos\madsimvs2019\maddiskmp\x64\debug\maddiskmp.tlog\inf2cat-expand.18832.read.1.tlog
c:\users\tom\source\repos\madsimvs2019\maddiskmp\x64\debug\maddiskmp.tlog\inf2cat-expand.18832.write.1.tlog
c:\users\tom\source\repos\madsimvs2019\maddiskmp\x64\debug\maddiskmp.tlog\inf2cat-expand.18904.read.1.tlog
c:\users\tom\source\repos\madsimvs2019\maddiskmp\x64\debug\maddiskmp.tlog\inf2cat-expand.18904.write.1.tlog
c:\users\tom\source\repos\madsimvs2019\maddiskmp\x64\debug\maddiskmp.tlog\inf2cat-expand.19024.read.1.tlog
c:\users\tom\source\repos\madsimvs2019\maddiskmp\x64\debug\maddiskmp.tlog\inf2cat-expand.19024.write.1.tlog
c:\users\tom\source\repos\madsimvs2019\maddiskmp\x64\debug\maddiskmp.tlog\inf2cat-expand.19048.read.1.tlog
c:\users\tom\source\repos\madsimvs2019\maddiskmp\x64\debug\maddiskmp.tlog\inf2cat-expand.19048.write.1.tlog
c:\users\tom\source\repos\madsimvs2019\maddiskmp\x64\debug\maddiskmp.tlog\inf2cat-expand.19236.read.1.tlog
c:\users\tom\source\repos\madsimvs2019\maddiskmp\x64\debug\maddiskmp.tlog\inf2cat-expand.19236.write.1.tlog
c:\users\tom\source\repos\madsimvs2019\maddiskmp\x64\debug\maddiskmp.tlog\inf2cat-expand.19312.read.1.tlog
c:\users\tom\source\repos\madsimvs2019\maddiskmp\x64\debug\maddiskmp.tlog\inf2cat-expand.19312.write.1.tlog
c:\users\tom\source\repos\madsimvs2019\maddiskmp\x64\debug\maddiskmp.tlog\inf2cat-expand.19424.read.1.tlog
c:\users\tom\source\repos\madsimvs2019\maddiskmp\x64\debug\maddiskmp.tlog\inf2cat-expand.19424.write.1.tlog
c:\users\tom\source\repos\madsimvs2019\maddiskmp\x64\debug\maddiskmp.tlog\inf2cat-expand.19508.read.1.tlog
c:\users\tom\source\repos\madsimvs2019\maddiskmp\x64\debug\maddiskmp.tlog\inf2cat-expand.19508.write.1.tlog
c:\users\tom\source\repos\madsimvs2019\maddiskmp\x64\debug\maddiskmp.tlog\inf2cat-expand.19632.read.1.tlog
c:\users\tom\source\repos\madsimvs2019\maddiskmp\x64\debug\maddiskmp.tlog\inf2cat-expand.19632.write.1.tlog
c:\users\tom\source\repos\madsimvs2019\maddiskmp\x64\debug\maddiskmp.tlog\inf2cat-expand.1980.read.1.tlog
c:\users\tom\source\repos\madsimvs2019\maddiskmp\x64\debug\maddiskmp.tlog\inf2cat-expand.1980.write.1.tlog
c:\users\tom\source\repos\madsimvs2019\maddiskmp\x64\debug\maddiskmp.tlog\inf2cat-expand.19996.read.1.tlog
c:\users\tom\source\repos\madsimvs2019\maddiskmp\x64\debug\maddiskmp.tlog\inf2cat-expand.19996.write.1.tlog
c:\users\tom\source\repos\madsimvs2019\maddiskmp\x64\debug\maddiskmp.tlog\inf2cat-expand.20060.read.1.tlog
c:\users\tom\source\repos\madsimvs2019\maddiskmp\x64\debug\maddiskmp.tlog\inf2cat-expand.20060.write.1.tlog
c:\users\tom\source\repos\madsimvs2019\maddiskmp\x64\debug\maddiskmp.tlog\inf2cat-expand.20152.read.1.tlog
c:\users\tom\source\repos\madsimvs2019\maddiskmp\x64\debug\maddiskmp.tlog\inf2cat-expand.20152.write.1.tlog
c:\users\tom\source\repos\madsimvs2019\maddiskmp\x64\debug\maddiskmp.tlog\inf2cat-expand.2016.read.1.tlog
c:\users\tom\source\repos\madsimvs2019\maddiskmp\x64\debug\maddiskmp.tlog\inf2cat-expand.2016.write.1.tlog
c:\users\tom\source\repos\madsimvs2019\maddiskmp\x64\debug\maddiskmp.tlog\inf2cat-expand.2188.read.1.tlog
c:\users\tom\source\repos\madsimvs2019\maddiskmp\x64\debug\maddiskmp.tlog\inf2cat-expand.2188.write.1.tlog
c:\users\tom\source\repos\madsimvs2019\maddiskmp\x64\debug\maddiskmp.tlog\inf2cat-expand.26868.read.1.tlog
c:\users\tom\source\repos\madsimvs2019\maddiskmp\x64\debug\maddiskmp.tlog\inf2cat-expand.26868.write.1.tlog
c:\users\tom\source\repos\madsimvs2019\maddiskmp\x64\debug\maddiskmp.tlog\inf2cat-expand.2748.read.1.tlog
c:\users\tom\source\repos\madsimvs2019\maddiskmp\x64\debug\maddiskmp.tlog\inf2cat-expand.2748.write.1.tlog
c:\users\tom\source\repos\madsimvs2019\maddiskmp\x64\debug\maddiskmp.tlog\inf2cat-expand.3116.read.1.tlog
c:\users\tom\source\repos\madsimvs2019\maddiskmp\x64\debug\maddiskmp.tlog\inf2cat-expand.3116.write.1.tlog
c:\users\tom\source\repos\madsimvs2019\maddiskmp\x64\debug\maddiskmp.tlog\inf2cat-expand.4080.read.1.tlog
c:\users\tom\source\repos\madsimvs2019\maddiskmp\x64\debug\maddiskmp.tlog\inf2cat-expand.4080.write.1.tlog
c:\users\tom\source\repos\madsimvs2019\maddiskmp\x64\debug\maddiskmp.tlog\inf2cat-expand.4112.read.1.tlog
c:\users\tom\source\repos\madsimvs2019\maddiskmp\x64\debug\maddiskmp.tlog\inf2cat-expand.4112.write.1.tlog
c:\users\tom\source\repos\madsimvs2019\maddiskmp\x64\debug\maddiskmp.tlog\inf2cat-expand.5060.read.1.tlog
c:\users\tom\source\repos\madsimvs2019\maddiskmp\x64\debug\maddiskmp.tlog\inf2cat-expand.5060.write.1.tlog
c:\users\tom\source\repos\madsimvs2019\maddiskmp\x64\debug\maddiskmp.tlog\inf2cat-expand.5260.read.1.tlog
c:\users\tom\source\repos\madsimvs2019\maddiskmp\x64\debug\maddiskmp.tlog\inf2cat-expand.5260.write.1.tlog
c:\users\tom\source\repos\madsimvs2019\maddiskmp\x64\debug\maddiskmp.tlog\inf2cat-expand.5612.read.1.tlog
c:\users\tom\source\repos\madsimvs2019\maddiskmp\x64\debug\maddiskmp.tlog\inf2cat-expand.5612.write.1.tlog
c:\users\tom\source\repos\madsimvs2019\maddiskmp\x64\debug\maddiskmp.tlog\inf2cat-expand.6016.read.1.tlog
c:\users\tom\source\repos\madsimvs2019\maddiskmp\x64\debug\maddiskmp.tlog\inf2cat-expand.6016.write.1.tlog
c:\users\tom\source\repos\madsimvs2019\maddiskmp\x64\debug\maddiskmp.tlog\inf2cat-expand.6528.read.1.tlog
c:\users\tom\source\repos\madsimvs2019\maddiskmp\x64\debug\maddiskmp.tlog\inf2cat-expand.6528.write.1.tlog
c:\users\tom\source\repos\madsimvs2019\maddiskmp\x64\debug\maddiskmp.tlog\inf2cat-expand.6772.read.1.tlog
c:\users\tom\source\repos\madsimvs2019\maddiskmp\x64\debug\maddiskmp.tlog\inf2cat-expand.6772.write.1.tlog
c:\users\tom\source\repos\madsimvs2019\maddiskmp\x64\debug\maddiskmp.tlog\inf2cat-expand.7280.read.1.tlog
c:\users\tom\source\repos\madsimvs2019\maddiskmp\x64\debug\maddiskmp.tlog\inf2cat-expand.7280.write.1.tlog
c:\users\tom\source\repos\madsimvs2019\maddiskmp\x64\debug\maddiskmp.tlog\inf2cat-expand.8276.read.1.tlog
c:\users\tom\source\repos\madsimvs2019\maddiskmp\x64\debug\maddiskmp.tlog\inf2cat-expand.8276.write.1.tlog
c:\users\tom\source\repos\madsimvs2019\maddiskmp\x64\debug\maddiskmp.tlog\inf2cat-expand.8592.read.1.tlog
c:\users\tom\source\repos\madsimvs2019\maddiskmp\x64\debug\maddiskmp.tlog\inf2cat-expand.8592.write.1.tlog
c:\users\tom\source\repos\madsimvs2019\maddiskmp\x64\debug\maddiskmp.tlog\inf2cat-expand.8992.read.1.tlog
c:\users\tom\source\repos\madsimvs2019\maddiskmp\x64\debug\maddiskmp.tlog\inf2cat-expand.8992.write.1.tlog
c:\users\tom\source\repos\madsimvs2019\maddiskmp\x64\debug\maddiskmp.tlog\inf2cat-expand.9924.read.1.tlog
c:\users\tom\source\repos\madsimvs2019\maddiskmp\x64\debug\maddiskmp.tlog\inf2cat-expand.9924.write.1.tlog
c:\users\tom\source\repos\madsimvs2019\maddiskmp\x64\debug\maddiskmp.tlog\inf2cat-expand.read.1.tlog
c:\users\tom\source\repos\madsimvs2019\maddiskmp\x64\debug\maddiskmp.tlog\inf2cat-expand.write.1.tlog
c:\users\tom\source\repos\madsimvs2019\maddiskmp\x64\debug\maddiskmp.tlog\inf2cat.command.1.tlog
c:\users\tom\source\repos\madsimvs2019\maddiskmp\x64\debug\maddiskmp.tlog\inf2cat.read.1.tlog
c:\users\tom\source\repos\madsimvs2019\maddiskmp\x64\debug\maddiskmp.tlog\inf2cat.read.8.tlog
c:\users\tom\source\repos\madsimvs2019\maddiskmp\x64\debug\maddiskmp.tlog\inf2cat.write.1.tlog
c:\users\tom\source\repos\madsimvs2019\maddiskmp\x64\debug\maddiskmp.tlog\inf2cat.write.8.tlog
c:\users\tom\source\repos\madsimvs2019\maddiskmp\x64\debug\maddiskmp.tlog\link.command.1.tlog
c:\users\tom\source\repos\madsimvs2019\maddiskmp\x64\debug\maddiskmp.tlog\link.read.1.tlog
c:\users\tom\source\repos\madsimvs2019\maddiskmp\x64\debug\maddiskmp.tlog\link.write.1.tlog
c:\users\tom\source\repos\madsimvs2019\maddiskmp\x64\debug\maddiskmp.tlog\signtool.command.1.tlog
c:\users\tom\source\repos\madsimvs2019\maddiskmp\x64\debug\maddiskmp.tlog\signtool.read.1.tlog
c:\users\tom\source\repos\madsimvs2019\maddiskmp\x64\debug\maddiskmp.tlog\signtool.timestamp.1.tlog
c:\users\tom\source\repos\madsimvs2019\maddiskmp\x64\debug\maddiskmp.tlog\signtool.write.1.tlog
c:\users\tom\source\repos\madsimvs2019\maddiskmp\x64\debug\maddiskmp.tlog\stampinf.command.1.tlog
c:\users\tom\source\repos\madsimvs2019\maddiskmp\x64\debug\maddiskmp.tlog\stampinf.read.1.tlog
c:\users\tom\source\repos\madsimvs2019\maddiskmp\x64\debug\maddiskmp.tlog\stampinf.write.1.tlog
